
> @org-ai/web@1.0.0 build
> vite build

[33mThe CJS build of Vite's Node API is deprecated. See https://vite.dev/guide/troubleshooting.html#vite-cjs-node-api-deprecated for more details.[39m
vite v5.4.21 building for production...
(node:61389) [MODULE_TYPELESS_PACKAGE_JSON] Warning: Module type of file:///Users/hamadahiromu/Desktop/AiProject/org-ai-platform/apps/web/postcss.config.js is not specified and it doesn't parse as CommonJS.
Reparsing as ES module because module syntax was detected. This incurs a performance overhead.
To eliminate this warning, add "type": "module" to /Users/hamadahiromu/Desktop/AiProject/org-ai-platform/apps/web/package.json.
(Use `node --trace-warnings ...` to show where the warning was created)
transforming...
[plugin:vite:esbuild] [plugin vite:esbuild] src/taskmanager/db/sync.ts: The "??" operator here will always return the left operand
53 |      // rawInputや作成タイミングで厳密には一致しないため、
54 |      // 直近タスクのID照合はスキップし、タイトルベースで最初にマッチしたものを更新
55 |      const match = tasks.find((t) => t.title === patch.title ?? t.title);
   |                                                              ^
56 |      if (!match) return;
57 |  

✓ 2804 modules transformed.
rendering chunks...
computing gzip size...
dist/index.html                     0.76 kB │ gzip:   0.46 kB
dist/assets/index-D9JMUxBh.css     49.81 kB │ gzip:   9.21 kB
dist/assets/index-DTLu-l70.js   1,107.11 kB │ gzip: 332.16 kB

✓ built in 6.85s
(!) Some chunks are larger than 500 kB after minification. Consider:
- Using dynamic import() to code-split the application
- Use build.rollupOptions.output.manualChunks to improve chunking: https://rollupjs.org/configuration-options/#output-manualchunks
- Adjust chunk size limit for this warning via build.chunkSizeWarningLimit.
